Analysis & Synthesis report for lab4
Sun Oct 16 12:08:31 2016
Quartus Prime Version 15.1.0 Build 185 10/21/2015 SJ Standard Edition


---------------------
; Table of Contents ;
---------------------
  1. Legal Notice
  2. Analysis & Synthesis Summary
  3. Analysis & Synthesis Settings
  4. Parallel Compilation
  5. Analysis & Synthesis Source Files Read
  6. Analysis & Synthesis Resource Usage Summary
  7. Analysis & Synthesis Resource Utilization by Entity
  8. General Register Statistics
  9. Inverted Register Statistics
 10. Parameter Settings for User Entity Instance: generic_add_sub:add_sub
 11. Parameter Settings for User Entity Instance: seven_seg:convert_to_ssd_a
 12. Parameter Settings for User Entity Instance: seven_seg:convert_to_ssd_b
 13. Parameter Settings for User Entity Instance: seven_seg:convert_to_ssd_res
 14. Port Connectivity Checks: "seven_seg:convert_to_ssd_b"
 15. Port Connectivity Checks: "seven_seg:convert_to_ssd_a"
 16. Post-Synthesis Netlist Statistics for Top Partition
 17. Elapsed Time Per Partition
 18. Analysis & Synthesis Messages



----------------
; Legal Notice ;
----------------
Copyright (C) 1991-2015 Altera Corporation. All rights reserved.
Your use of Altera Corporation's design tools, logic functions 
and other software and tools, and its AMPP partner logic 
functions, and any output files from any of the foregoing 
(including device programming or simulation files), and any 
associated documentation or information are expressly subject 
to the terms and conditions of the Altera Program License 
Subscription Agreement, the Altera Quartus Prime License Agreement,
the Altera MegaCore Function License Agreement, or other 
applicable license agreement, including, without limitation, 
that your use is for the sole purpose of programming logic 
devices manufactured by Altera and sold by Altera or its 
authorized distributors.  Please refer to the applicable 
agreement for further details.



+-----------------------------------------------------------------------------------+
; Analysis & Synthesis Summary                                                      ;
+---------------------------------+-------------------------------------------------+
; Analysis & Synthesis Status     ; Successful - Sun Oct 16 12:08:31 2016           ;
; Quartus Prime Version           ; 15.1.0 Build 185 10/21/2015 SJ Standard Edition ;
; Revision Name                   ; lab4                                            ;
; Top-level Entity Name           ; top                                             ;
; Family                          ; Cyclone V                                       ;
; Logic utilization (in ALMs)     ; N/A                                             ;
; Total registers                 ; 21                                              ;
; Total pins                      ; 31                                              ;
; Total virtual pins              ; 0                                               ;
; Total block memory bits         ; 0                                               ;
; Total DSP Blocks                ; 0                                               ;
; Total HSSI RX PCSs              ; 0                                               ;
; Total HSSI PMA RX Deserializers ; 0                                               ;
; Total HSSI TX PCSs              ; 0                                               ;
; Total HSSI PMA TX Serializers   ; 0                                               ;
; Total PLLs                      ; 0                                               ;
; Total DLLs                      ; 0                                               ;
+---------------------------------+-------------------------------------------------+


+---------------------------------------------------------------------------------------------------------------------------+
; Analysis & Synthesis Settings                                                                                             ;
+---------------------------------------------------------------------------------+--------------------+--------------------+
; Option                                                                          ; Setting            ; Default Value      ;
+---------------------------------------------------------------------------------+--------------------+--------------------+
; Device                                                                          ; 5CSEMA5F31C6       ;                    ;
; Top-level entity name                                                           ; top                ; lab4               ;
; Family name                                                                     ; Cyclone V          ; Cyclone V          ;
; Use smart compilation                                                           ; Off                ; Off                ;
; Enable parallel Assembler and TimeQuest Timing Analyzer during compilation      ; On                 ; On                 ;
; Enable compact report table                                                     ; Off                ; Off                ;
; Restructure Multiplexers                                                        ; Auto               ; Auto               ;
; MLAB Add Timing Constraints For Mixed-Port Feed-Through Mode Setting Don't Care ; Off                ; Off                ;
; Create Debugging Nodes for IP Cores                                             ; Off                ; Off                ;
; Preserve fewer node names                                                       ; On                 ; On                 ;
; Disable OpenCore Plus hardware evaluation                                       ; Off                ; Off                ;
; Verilog Version                                                                 ; Verilog_2001       ; Verilog_2001       ;
; VHDL Version                                                                    ; VHDL_1993          ; VHDL_1993          ;
; State Machine Processing                                                        ; Auto               ; Auto               ;
; Safe State Machine                                                              ; Off                ; Off                ;
; Extract Verilog State Machines                                                  ; On                 ; On                 ;
; Extract VHDL State Machines                                                     ; On                 ; On                 ;
; Ignore Verilog initial constructs                                               ; Off                ; Off                ;
; Iteration limit for constant Verilog loops                                      ; 5000               ; 5000               ;
; Iteration limit for non-constant Verilog loops                                  ; 250                ; 250                ;
; Add Pass-Through Logic to Inferred RAMs                                         ; On                 ; On                 ;
; Infer RAMs from Raw Logic                                                       ; On                 ; On                 ;
; Parallel Synthesis                                                              ; On                 ; On                 ;
; DSP Block Balancing                                                             ; Auto               ; Auto               ;
; NOT Gate Push-Back                                                              ; On                 ; On                 ;
; Power-Up Don't Care                                                             ; On                 ; On                 ;
; Remove Redundant Logic Cells                                                    ; Off                ; Off                ;
; Remove Duplicate Registers                                                      ; On                 ; On                 ;
; Ignore CARRY Buffers                                                            ; Off                ; Off                ;
; Ignore CASCADE Buffers                                                          ; Off                ; Off                ;
; Ignore GLOBAL Buffers                                                           ; Off                ; Off                ;
; Ignore ROW GLOBAL Buffers                                                       ; Off                ; Off                ;
; Ignore LCELL Buffers                                                            ; Off                ; Off                ;
; Ignore SOFT Buffers                                                             ; On                 ; On                 ;
; Limit AHDL Integers to 32 Bits                                                  ; Off                ; Off                ;
; Optimization Technique                                                          ; Balanced           ; Balanced           ;
; Carry Chain Length                                                              ; 70                 ; 70                 ;
; Auto Carry Chains                                                               ; On                 ; On                 ;
; Auto Open-Drain Pins                                                            ; On                 ; On                 ;
; Perform WYSIWYG Primitive Resynthesis                                           ; Off                ; Off                ;
; Auto ROM Replacement                                                            ; On                 ; On                 ;
; Auto RAM Replacement                                                            ; On                 ; On                 ;
; Auto DSP Block Replacement                                                      ; On                 ; On                 ;
; Auto Shift Register Replacement                                                 ; Auto               ; Auto               ;
; Allow Shift Register Merging across Hierarchies                                 ; Auto               ; Auto               ;
; Auto Clock Enable Replacement                                                   ; On                 ; On                 ;
; Strict RAM Replacement                                                          ; Off                ; Off                ;
; Allow Synchronous Control Signals                                               ; On                 ; On                 ;
; Force Use of Synchronous Clear Signals                                          ; Off                ; Off                ;
; Auto Resource Sharing                                                           ; Off                ; Off                ;
; Allow Any RAM Size For Recognition                                              ; Off                ; Off                ;
; Allow Any ROM Size For Recognition                                              ; Off                ; Off                ;
; Allow Any Shift Register Size For Recognition                                   ; Off                ; Off                ;
; Use LogicLock Constraints during Resource Balancing                             ; On                 ; On                 ;
; Ignore translate_off and synthesis_off directives                               ; Off                ; Off                ;
; Timing-Driven Synthesis                                                         ; On                 ; On                 ;
; Report Parameter Settings                                                       ; On                 ; On                 ;
; Report Source Assignments                                                       ; On                 ; On                 ;
; Report Connectivity Checks                                                      ; On                 ; On                 ;
; Ignore Maximum Fan-Out Assignments                                              ; Off                ; Off                ;
; Synchronization Register Chain Length                                           ; 3                  ; 3                  ;
; PowerPlay Power Optimization During Synthesis                                   ; Normal compilation ; Normal compilation ;
; HDL message level                                                               ; Level2             ; Level2             ;
; Suppress Register Optimization Related Messages                                 ; Off                ; Off                ;
; Number of Removed Registers Reported in Synthesis Report                        ; 5000               ; 5000               ;
; Number of Swept Nodes Reported in Synthesis Report                              ; 5000               ; 5000               ;
; Number of Inverted Registers Reported in Synthesis Report                       ; 100                ; 100                ;
; Clock MUX Protection                                                            ; On                 ; On                 ;
; Auto Gated Clock Conversion                                                     ; Off                ; Off                ;
; Block Design Naming                                                             ; Auto               ; Auto               ;
; SDC constraint protection                                                       ; Off                ; Off                ;
; Synthesis Effort                                                                ; Auto               ; Auto               ;
; Shift Register Replacement - Allow Asynchronous Clear Signal                    ; On                 ; On                 ;
; Pre-Mapping Resynthesis Optimization                                            ; Off                ; Off                ;
; Analysis & Synthesis Message Level                                              ; Medium             ; Medium             ;
; Disable Register Merging Across Hierarchies                                     ; Auto               ; Auto               ;
; Resource Aware Inference For Block RAM                                          ; On                 ; On                 ;
; Synthesis Seed                                                                  ; 1                  ; 1                  ;
; Automatic Parallel Synthesis                                                    ; On                 ; On                 ;
; Partial Reconfiguration Bitstream ID                                            ; Off                ; Off                ;
+---------------------------------------------------------------------------------+--------------------+--------------------+


+------------------------------------------+
; Parallel Compilation                     ;
+----------------------------+-------------+
; Processors                 ; Number      ;
+----------------------------+-------------+
; Number detected on machine ; 8           ;
; Maximum allowed            ; 4           ;
;                            ;             ;
; Average used               ; 1.00        ;
; Maximum used               ; 4           ;
;                            ;             ;
; Usage by Processor         ; % Time Used ;
;     Processor 1            ; 100.0%      ;
;     Processors 2-4         ; < 0.1%      ;
+----------------------------+-------------+


+---------------------------------------------------------------------------------------------------------------------------------------------------------------------------------------+
; Analysis & Synthesis Source Files Read                                                                                                                                                ;
+----------------------------------------+-----------------+-----------------+------------------------------------------------------------------------------------------------+---------+
; File Name with User-Entered Path       ; Used in Netlist ; File Type       ; File Name with Absolute Path                                                                   ; Library ;
+----------------------------------------+-----------------+-----------------+------------------------------------------------------------------------------------------------+---------+
; ../../src/top.vhd                      ; yes             ; User VHDL File  ; C:/Users/zdw7287/Downloads/Hardware-Description-Language/lab4/src/top.vhd                      ;         ;
; ../../src/synchronizer.vhd             ; yes             ; User VHDL File  ; C:/Users/zdw7287/Downloads/Hardware-Description-Language/lab4/src/synchronizer.vhd             ;         ;
; ../../src/seven_seg.vhd                ; yes             ; User VHDL File  ; C:/Users/zdw7287/Downloads/Hardware-Description-Language/lab4/src/seven_seg.vhd                ;         ;
; ../../src/rising_edge_synchronizer.vhd ; yes             ; User VHDL File  ; C:/Users/zdw7287/Downloads/Hardware-Description-Language/lab4/src/rising_edge_synchronizer.vhd ;         ;
; ../../src/generic_add_sub.vhd          ; yes             ; User VHDL File  ; C:/Users/zdw7287/Downloads/Hardware-Description-Language/lab4/src/generic_add_sub.vhd          ;         ;
+----------------------------------------+-----------------+-----------------+------------------------------------------------------------------------------------------------+---------+


+---------------------------------------------------------+
; Analysis & Synthesis Resource Usage Summary             ;
+---------------------------------------------+-----------+
; Resource                                    ; Usage     ;
+---------------------------------------------+-----------+
; Estimate of Logic utilization (ALMs needed) ; 19        ;
;                                             ;           ;
; Combinational ALUT usage for logic          ; 31        ;
;     -- 7 input functions                    ; 0         ;
;     -- 6 input functions                    ; 0         ;
;     -- 5 input functions                    ; 0         ;
;     -- 4 input functions                    ; 7         ;
;     -- <=3 input functions                  ; 24        ;
;                                             ;           ;
; Dedicated logic registers                   ; 21        ;
;                                             ;           ;
; I/O pins                                    ; 31        ;
;                                             ;           ;
; Total DSP Blocks                            ; 0         ;
;                                             ;           ;
; Maximum fan-out node                        ; clk~input ;
; Maximum fan-out                             ; 21        ;
; Total fan-out                               ; 208       ;
; Average fan-out                             ; 1.82      ;
+---------------------------------------------+-----------+


+------------------------------------------------------------------------------------------------------------------------------------------------------------------------------------------+
; Analysis & Synthesis Resource Utilization by Entity                                                                                                                                      ;
+----------------------------------------+-------------------+--------------+-------------------+------------+------+--------------+----------------------------------------+--------------+
; Compilation Hierarchy Node             ; LC Combinationals ; LC Registers ; Block Memory Bits ; DSP Blocks ; Pins ; Virtual Pins ; Full Hierarchy Name                    ; Library Name ;
+----------------------------------------+-------------------+--------------+-------------------+------------+------+--------------+----------------------------------------+--------------+
; |top                                   ; 31 (1)            ; 21 (1)       ; 0                 ; 0          ; 31   ; 0            ; |top                                   ; work         ;
;    |generic_add_sub:add_sub|           ; 5 (5)             ; 0 (0)        ; 0                 ; 0          ; 0    ; 0            ; |top|generic_add_sub:add_sub           ; work         ;
;    |rising_edge_synchronizer:sync_add| ; 2 (2)             ; 4 (4)        ; 0                 ; 0          ; 0    ; 0            ; |top|rising_edge_synchronizer:sync_add ; work         ;
;    |rising_edge_synchronizer:sync_sub| ; 2 (2)             ; 4 (4)        ; 0                 ; 0          ; 0    ; 0            ; |top|rising_edge_synchronizer:sync_sub ; work         ;
;    |seven_seg:convert_to_ssd_a|        ; 7 (7)             ; 0 (0)        ; 0                 ; 0          ; 0    ; 0            ; |top|seven_seg:convert_to_ssd_a        ; work         ;
;    |seven_seg:convert_to_ssd_b|        ; 7 (7)             ; 0 (0)        ; 0                 ; 0          ; 0    ; 0            ; |top|seven_seg:convert_to_ssd_b        ; work         ;
;    |seven_seg:convert_to_ssd_res|      ; 7 (7)             ; 0 (0)        ; 0                 ; 0          ; 0    ; 0            ; |top|seven_seg:convert_to_ssd_res      ; work         ;
;    |synchronizer:sync_a|               ; 0 (0)             ; 6 (6)        ; 0                 ; 0          ; 0    ; 0            ; |top|synchronizer:sync_a               ; work         ;
;    |synchronizer:sync_b|               ; 0 (0)             ; 6 (6)        ; 0                 ; 0          ; 0    ; 0            ; |top|synchronizer:sync_b               ; work         ;
+----------------------------------------+-------------------+--------------+-------------------+------------+------+--------------+----------------------------------------+--------------+
Note: For table entries with two numbers listed, the numbers in parentheses indicate the number of resources of the given type used by the specific entity alone. The numbers listed outside of parentheses indicate the total resources of the given type used by the specific entity and all of its sub-entities in the hierarchy.


+------------------------------------------------------+
; General Register Statistics                          ;
+----------------------------------------------+-------+
; Statistic                                    ; Value ;
+----------------------------------------------+-------+
; Total registers                              ; 21    ;
; Number of registers using Synchronous Clear  ; 0     ;
; Number of registers using Synchronous Load   ; 0     ;
; Number of registers using Asynchronous Clear ; 20    ;
; Number of registers using Asynchronous Load  ; 0     ;
; Number of registers using Clock Enable       ; 0     ;
; Number of registers using Preset             ; 0     ;
+----------------------------------------------+-------+


+-------------------------------------------------------+
; Inverted Register Statistics                          ;
+---------------------------------------------+---------+
; Inverted Register                           ; Fan out ;
+---------------------------------------------+---------+
; rising_edge_synchronizer:sync_add|input_zz  ; 2       ;
; rising_edge_synchronizer:sync_add|input_zzz ; 1       ;
; rising_edge_synchronizer:sync_sub|input_zz  ; 2       ;
; rising_edge_synchronizer:sync_sub|input_zzz ; 1       ;
; rising_edge_synchronizer:sync_add|input_z   ; 1       ;
; rising_edge_synchronizer:sync_sub|input_z   ; 1       ;
; Total number of inverted registers = 6      ;         ;
+---------------------------------------------+---------+


+----------------------------------------------------------------------+
; Parameter Settings for User Entity Instance: generic_add_sub:add_sub ;
+----------------+-------+---------------------------------------------+
; Parameter Name ; Value ; Type                                        ;
+----------------+-------+---------------------------------------------+
; bits           ; 3     ; Signed Integer                              ;
+----------------+-------+---------------------------------------------+
Note: In order to hide this table in the UI and the text report file, please set the "Show Parameter Settings in Synthesis Report" option in "Analysis and Synthesis Settings -> More Settings" to "Off".


+-------------------------------------------------------------------------+
; Parameter Settings for User Entity Instance: seven_seg:convert_to_ssd_a ;
+----------------+----------+---------------------------------------------+
; Parameter Name ; Value    ; Type                                        ;
+----------------+----------+---------------------------------------------+
; max_count      ; 25000000 ; Signed Integer                              ;
+----------------+----------+---------------------------------------------+
Note: In order to hide this table in the UI and the text report file, please set the "Show Parameter Settings in Synthesis Report" option in "Analysis and Synthesis Settings -> More Settings" to "Off".


+-------------------------------------------------------------------------+
; Parameter Settings for User Entity Instance: seven_seg:convert_to_ssd_b ;
+----------------+----------+---------------------------------------------+
; Parameter Name ; Value    ; Type                                        ;
+----------------+----------+---------------------------------------------+
; max_count      ; 25000000 ; Signed Integer                              ;
+----------------+----------+---------------------------------------------+
Note: In order to hide this table in the UI and the text report file, please set the "Show Parameter Settings in Synthesis Report" option in "Analysis and Synthesis Settings -> More Settings" to "Off".


+---------------------------------------------------------------------------+
; Parameter Settings for User Entity Instance: seven_seg:convert_to_ssd_res ;
+----------------+----------+-----------------------------------------------+
; Parameter Name ; Value    ; Type                                          ;
+----------------+----------+-----------------------------------------------+
; max_count      ; 25000000 ; Signed Integer                                ;
+----------------+----------+-----------------------------------------------+
Note: In order to hide this table in the UI and the text report file, please set the "Show Parameter Settings in Synthesis Report" option in "Analysis and Synthesis Settings -> More Settings" to "Off".


+--------------------------------------------------------+
; Port Connectivity Checks: "seven_seg:convert_to_ssd_b" ;
+--------+-------+----------+----------------------------+
; Port   ; Type  ; Severity ; Details                    ;
+--------+-------+----------+----------------------------+
; bcd[3] ; Input ; Info     ; Stuck at GND               ;
+--------+-------+----------+----------------------------+


+--------------------------------------------------------+
; Port Connectivity Checks: "seven_seg:convert_to_ssd_a" ;
+--------+-------+----------+----------------------------+
; Port   ; Type  ; Severity ; Details                    ;
+--------+-------+----------+----------------------------+
; bcd[3] ; Input ; Info     ; Stuck at GND               ;
+--------+-------+----------+----------------------------+


+-----------------------------------------------------+
; Post-Synthesis Netlist Statistics for Top Partition ;
+-----------------------+-----------------------------+
; Type                  ; Count                       ;
+-----------------------+-----------------------------+
; arriav_ff             ; 21                          ;
;     CLR               ; 20                          ;
;     plain             ; 1                           ;
; arriav_lcell_comb     ; 32                          ;
;     arith             ; 5                           ;
;         1 data inputs ; 2                           ;
;         3 data inputs ; 3                           ;
;     normal            ; 27                          ;
;         1 data inputs ; 3                           ;
;         2 data inputs ; 2                           ;
;         3 data inputs ; 15                          ;
;         4 data inputs ; 7                           ;
; boundary_port         ; 31                          ;
;                       ;                             ;
; Max LUT depth         ; 3.40                        ;
; Average LUT depth     ; 1.48                        ;
+-----------------------+-----------------------------+


+-------------------------------+
; Elapsed Time Per Partition    ;
+----------------+--------------+
; Partition Name ; Elapsed Time ;
+----------------+--------------+
; Top            ; 00:00:00     ;
+----------------+--------------+


+-------------------------------+
; Analysis & Synthesis Messages ;
+-------------------------------+
Info: *******************************************************************
Info: Running Quartus Prime Analysis & Synthesis
    Info: Version 15.1.0 Build 185 10/21/2015 SJ Standard Edition
    Info: Processing started: Sun Oct 16 12:08:21 2016
Info: Command: quartus_map --read_settings_files=on --write_settings_files=off lab4 -c lab4
Info (20030): Parallel compilation is enabled and will use 4 of the 4 processors detected
Info (12021): Found 2 design units, including 1 entities, in source file /users/zdw7287/downloads/hardware-description-language/lab4/src/top.vhd
    Info (12022): Found design unit 1: top-beh File: C:/Users/zdw7287/Downloads/Hardware-Description-Language/lab4/src/top.vhd Line: 23
    Info (12023): Found entity 1: top File: C:/Users/zdw7287/Downloads/Hardware-Description-Language/lab4/src/top.vhd Line: 9
Info (12021): Found 2 design units, including 1 entities, in source file /users/zdw7287/downloads/hardware-description-language/lab4/src/synchronizer.vhd
    Info (12022): Found design unit 1: synchronizer-beh File: C:/Users/zdw7287/Downloads/Hardware-Description-Language/lab4/src/synchronizer.vhd Line: 17
    Info (12023): Found entity 1: synchronizer File: C:/Users/zdw7287/Downloads/Hardware-Description-Language/lab4/src/synchronizer.vhd Line: 8
Info (12021): Found 2 design units, including 1 entities, in source file /users/zdw7287/downloads/hardware-description-language/lab4/src/seven_seg.vhd
    Info (12022): Found design unit 1: seven_seg-beh File: C:/Users/zdw7287/Downloads/Hardware-Description-Language/lab4/src/seven_seg.vhd Line: 21
    Info (12023): Found entity 1: seven_seg File: C:/Users/zdw7287/Downloads/Hardware-Description-Language/lab4/src/seven_seg.vhd Line: 11
Info (12021): Found 2 design units, including 1 entities, in source file /users/zdw7287/downloads/hardware-description-language/lab4/src/rising_edge_synchronizer.vhd
    Info (12022): Found design unit 1: rising_edge_synchronizer-beh File: C:/Users/zdw7287/Downloads/Hardware-Description-Language/lab4/src/rising_edge_synchronizer.vhd Line: 17
    Info (12023): Found entity 1: rising_edge_synchronizer File: C:/Users/zdw7287/Downloads/Hardware-Description-Language/lab4/src/rising_edge_synchronizer.vhd Line: 8
Info (12021): Found 2 design units, including 1 entities, in source file /users/zdw7287/downloads/hardware-description-language/lab4/src/generic_add_sub.vhd
    Info (12022): Found design unit 1: generic_add_sub-beh File: C:/Users/zdw7287/Downloads/Hardware-Description-Language/lab4/src/generic_add_sub.vhd Line: 21
    Info (12023): Found entity 1: generic_add_sub File: C:/Users/zdw7287/Downloads/Hardware-Description-Language/lab4/src/generic_add_sub.vhd Line: 9
Info (12127): Elaborating entity "top" for the top level hierarchy
Warning (10492): VHDL Process Statement warning at top.vhd(148): signal "synced_a" is read inside the Process Statement but isn't in the Process Statement's sensitivity list File: C:/Users/zdw7287/Downloads/Hardware-Description-Language/lab4/src/top.vhd Line: 148
Warning (10492): VHDL Process Statement warning at top.vhd(149): signal "synced_b" is read inside the Process Statement but isn't in the Process Statement's sensitivity list File: C:/Users/zdw7287/Downloads/Hardware-Description-Language/lab4/src/top.vhd Line: 149
Info (12128): Elaborating entity "synchronizer" for hierarchy "synchronizer:sync_a" File: C:/Users/zdw7287/Downloads/Hardware-Description-Language/lab4/src/top.vhd Line: 77
Info (12128): Elaborating entity "rising_edge_synchronizer" for hierarchy "rising_edge_synchronizer:sync_add" File: C:/Users/zdw7287/Downloads/Hardware-Description-Language/lab4/src/top.vhd Line: 93
Info (12128): Elaborating entity "generic_add_sub" for hierarchy "generic_add_sub:add_sub" File: C:/Users/zdw7287/Downloads/Hardware-Description-Language/lab4/src/top.vhd Line: 109
Info (12128): Elaborating entity "seven_seg" for hierarchy "seven_seg:convert_to_ssd_a" File: C:/Users/zdw7287/Downloads/Hardware-Description-Language/lab4/src/top.vhd Line: 117
Info (286030): Timing-Driven Synthesis is running
Info (16010): Generating hard_block partition "hard_block:auto_generated_inst"
    Info (16011): Adding 0 node(s), including 0 DDIO, 0 PLL, 0 transceiver and 0 LCELL
Info (21057): Implemented 78 device resources after synthesis - the final resource count might be different
    Info (21058): Implemented 10 input pins
    Info (21059): Implemented 21 output pins
    Info (21061): Implemented 47 logic cells
Info: Quartus Prime Analysis & Synthesis was successful. 0 errors, 2 warnings
    Info: Peak virtual memory: 875 megabytes
    Info: Processing ended: Sun Oct 16 12:08:31 2016
    Info: Elapsed time: 00:00:10
    Info: Total CPU time (on all processors): 00:00:21


