Assembler report for lab4
Sun Oct 16 12:09:17 2016
Quartus Prime Version 15.1.0 Build 185 10/21/2015 SJ Standard Edition


---------------------
; Table of Contents ;
---------------------
  1. Legal Notice
  2. Assembler Summary
  3. Assembler Settings
  4. Assembler Generated Files
  5. Assembler Device Options: C:/Users/zdw7287/Downloads/Hardware-Description-Language/lab4/hw/output_files/lab4.sof
  6. Assembler Messages



----------------
; Legal Notice ;
----------------
Copyright (C) 1991-2015 Altera Corporation. All rights reserved.
Your use of Altera Corporation's design tools, logic functions 
and other software and tools, and its AMPP partner logic 
functions, and any output files from any of the foregoing 
(including device programming or simulation files), and any 
associated documentation or information are expressly subject 
to the terms and conditions of the Altera Program License 
Subscription Agreement, the Altera Quartus Prime License Agreement,
the Altera MegaCore Function License Agreement, or other 
applicable license agreement, including, without limitation, 
that your use is for the sole purpose of programming logic 
devices manufactured by Altera and sold by Altera or its 
authorized distributors.  Please refer to the applicable 
agreement for further details.



+---------------------------------------------------------------+
; Assembler Summary                                             ;
+-----------------------+---------------------------------------+
; Assembler Status      ; Successful - Sun Oct 16 12:09:17 2016 ;
; Revision Name         ; lab4                                  ;
; Top-level Entity Name ; top                                   ;
; Family                ; Cyclone V                             ;
; Device                ; 5CSEMA5F31C6                          ;
+-----------------------+---------------------------------------+


+----------------------------------+
; Assembler Settings               ;
+--------+---------+---------------+
; Option ; Setting ; Default Value ;
+--------+---------+---------------+


+----------------------------------------------------------------------------------------+
; Assembler Generated Files                                                              ;
+----------------------------------------------------------------------------------------+
; File Name                                                                              ;
+----------------------------------------------------------------------------------------+
; C:/Users/zdw7287/Downloads/Hardware-Description-Language/lab4/hw/output_files/lab4.sof ;
+----------------------------------------------------------------------------------------+


+------------------------------------------------------------------------------------------------------------------+
; Assembler Device Options: C:/Users/zdw7287/Downloads/Hardware-Description-Language/lab4/hw/output_files/lab4.sof ;
+----------------+-------------------------------------------------------------------------------------------------+
; Option         ; Setting                                                                                         ;
+----------------+-------------------------------------------------------------------------------------------------+
; Device         ; 5CSEMA5F31C6                                                                                    ;
; JTAG usercode  ; 0x00AFFD50                                                                                      ;
; Checksum       ; 0x00AFFD50                                                                                      ;
+----------------+-------------------------------------------------------------------------------------------------+


+--------------------+
; Assembler Messages ;
+--------------------+
Info: *******************************************************************
Info: Running Quartus Prime Assembler
    Info: Version 15.1.0 Build 185 10/21/2015 SJ Standard Edition
    Info: Processing started: Sun Oct 16 12:09:09 2016
Info: Command: quartus_asm --read_settings_files=off --write_settings_files=off lab4 -c lab4
Info (115030): Assembler is generating device programming files
Info: Quartus Prime Assembler was successful. 0 errors, 0 warnings
    Info: Peak virtual memory: 861 megabytes
    Info: Processing ended: Sun Oct 16 12:09:17 2016
    Info: Elapsed time: 00:00:08
    Info: Total CPU time (on all processors): 00:00:09


