Flow report for blink_block_mem
Thu Dec 01 13:26:52 2016
Quartus Prime Version 15.1.0 Build 185 10/21/2015 SJ Standard Edition


---------------------
; Table of Contents ;
---------------------
  1. Legal Notice
  2. Flow Summary
  3. Flow Settings
  4. Flow Non-Default Global Settings
  5. Flow Elapsed Time
  6. Flow OS Summary
  7. Flow Log
  8. Flow Messages
  9. Flow Suppressed Messages



----------------
; Legal Notice ;
----------------
Copyright (C) 1991-2015 Altera Corporation. All rights reserved.
Your use of Altera Corporation's design tools, logic functions 
and other software and tools, and its AMPP partner logic 
functions, and any output files from any of the foregoing 
(including device programming or simulation files), and any 
associated documentation or information are expressly subject 
to the terms and conditions of the Altera Program License 
Subscription Agreement, the Altera Quartus Prime License Agreement,
the Altera MegaCore Function License Agreement, or other 
applicable license agreement, including, without limitation, 
that your use is for the sole purpose of programming logic 
devices manufactured by Altera and sold by Altera or its 
authorized distributors.  Please refer to the applicable 
agreement for further details.



+-----------------------------------------------------------------------------------+
; Flow Summary                                                                      ;
+---------------------------------+-------------------------------------------------+
; Flow Status                     ; Successful - Thu Dec 01 13:26:39 2016           ;
; Quartus Prime Version           ; 15.1.0 Build 185 10/21/2015 SJ Standard Edition ;
; Revision Name                   ; blink_block_mem                                 ;
; Top-level Entity Name           ; top                                             ;
; Family                          ; Cyclone V                                       ;
; Device                          ; 5CSEMA5F31C6                                    ;
; Timing Models                   ; Final                                           ;
; Logic utilization (in ALMs)     ; 288 / 32,070 ( < 1 % )                          ;
; Total registers                 ; 159                                             ;
; Total pins                      ; 24 / 457 ( 5 % )                                ;
; Total virtual pins              ; 0                                               ;
; Total block memory bits         ; 208 / 4,065,280 ( < 1 % )                       ;
; Total DSP Blocks                ; 1 / 87 ( 1 % )                                  ;
; Total HSSI RX PCSs              ; 0                                               ;
; Total HSSI PMA RX Deserializers ; 0                                               ;
; Total HSSI TX PCSs              ; 0                                               ;
; Total HSSI PMA TX Serializers   ; 0                                               ;
; Total PLLs                      ; 0 / 6 ( 0 % )                                   ;
; Total DLLs                      ; 0 / 4 ( 0 % )                                   ;
+---------------------------------+-------------------------------------------------+


+-----------------------------------------+
; Flow Settings                           ;
+-------------------+---------------------+
; Option            ; Setting             ;
+-------------------+---------------------+
; Start date & time ; 12/01/2016 13:25:29 ;
; Main task         ; Compilation         ;
; Revision Name     ; blink_block_mem     ;
+-------------------+---------------------+


+----------------------------------------------------------------------------------------------------------+
; Flow Non-Default Global Settings                                                                         ;
+--------------------------+----------------------------------+-----------------+-------------+------------+
; Assignment Name          ; Value                            ; Default Value   ; Entity Name ; Section Id ;
+--------------------------+----------------------------------+-----------------+-------------+------------+
; COMPILER_SIGNATURE_ID    ; 26830024664770.148061672904860   ; --              ; --          ; --         ;
; MISC_FILE                ; ../../src/rom/blink_rom_inst.vhd ; --              ; --          ; --         ;
; MISC_FILE                ; ../../src/rom/blink_rom.cmp      ; --              ; --          ; --         ;
; PROJECT_OUTPUT_DIRECTORY ; ../output_files                  ; --              ; --          ; --         ;
; TOP_LEVEL_ENTITY         ; top                              ; blink_block_mem ; --          ; --         ;
+--------------------------+----------------------------------+-----------------+-------------+------------+


+-------------------------------------------------------------------------------------------------------------------------------+
; Flow Elapsed Time                                                                                                             ;
+---------------------------+--------------+-------------------------+---------------------+------------------------------------+
; Module Name               ; Elapsed Time ; Average Processors Used ; Peak Virtual Memory ; Total CPU Time (on all processors) ;
+---------------------------+--------------+-------------------------+---------------------+------------------------------------+
; Analysis & Synthesis      ; 00:00:20     ; 1.0                     ; 902 MB              ; 00:00:39                           ;
; Fitter                    ; 00:00:36     ; 1.0                     ; 2617 MB             ; 00:01:01                           ;
; Assembler                 ; 00:00:08     ; 1.0                     ; 864 MB              ; 00:00:08                           ;
; TimeQuest Timing Analyzer ; 00:00:10     ; 1.0                     ; 1214 MB             ; 00:00:10                           ;
; Total                     ; 00:01:14     ; --                      ; --                  ; 00:01:58                           ;
+---------------------------+--------------+-------------------------+---------------------+------------------------------------+


+----------------------------------------------------------------------------------------+
; Flow OS Summary                                                                        ;
+---------------------------+------------------+-----------+------------+----------------+
; Module Name               ; Machine Hostname ; OS Name   ; OS Version ; Processor type ;
+---------------------------+------------------+-----------+------------+----------------+
; Analysis & Synthesis      ; ECTET-1360-01    ; Windows 7 ; 6.1        ; x86_64         ;
; Fitter                    ; ECTET-1360-01    ; Windows 7 ; 6.1        ; x86_64         ;
; Assembler                 ; ECTET-1360-01    ; Windows 7 ; 6.1        ; x86_64         ;
; TimeQuest Timing Analyzer ; ECTET-1360-01    ; Windows 7 ; 6.1        ; x86_64         ;
+---------------------------+------------------+-----------+------------+----------------+


------------
; Flow Log ;
------------
quartus_map --read_settings_files=on --write_settings_files=off blink_block_mem -c blink_block_mem
quartus_fit --read_settings_files=off --write_settings_files=off blink_block_mem -c blink_block_mem
quartus_asm --read_settings_files=off --write_settings_files=off blink_block_mem -c blink_block_mem
quartus_sta blink_block_mem -c blink_block_mem



