Analysis & Synthesis report for lab5
Sat Oct 29 13:55:19 2016
Quartus Prime Version 15.1.0 Build 185 10/21/2015 SJ Standard Edition


---------------------
; Table of Contents ;
---------------------
  1. Legal Notice
  2. Analysis & Synthesis Summary
  3. Analysis & Synthesis Settings
  4. Parallel Compilation
  5. Analysis & Synthesis Source Files Read
  6. Analysis & Synthesis Resource Usage Summary
  7. Analysis & Synthesis Resource Utilization by Entity
  8. User-Specified and Inferred Latches
  9. General Register Statistics
 10. Inverted Register Statistics
 11. Multiplexer Restructuring Statistics (Restructuring Performed)
 12. Parameter Settings for User Entity Instance: seven_seg:convert_to_ssd_a
 13. Parameter Settings for User Entity Instance: seven_seg:convert_to_ssd_b
 14. Parameter Settings for User Entity Instance: seven_seg:convert_to_ssd_c
 15. Port Connectivity Checks: "synchronizer:sync_a"
 16. Post-Synthesis Netlist Statistics for Top Partition
 17. Elapsed Time Per Partition
 18. Analysis & Synthesis Messages



----------------
; Legal Notice ;
----------------
Copyright (C) 1991-2015 Altera Corporation. All rights reserved.
Your use of Altera Corporation's design tools, logic functions 
and other software and tools, and its AMPP partner logic 
functions, and any output files from any of the foregoing 
(including device programming or simulation files), and any 
associated documentation or information are expressly subject 
to the terms and conditions of the Altera Program License 
Subscription Agreement, the Altera Quartus Prime License Agreement,
the Altera MegaCore Function License Agreement, or other 
applicable license agreement, including, without limitation, 
that your use is for the sole purpose of programming logic 
devices manufactured by Altera and sold by Altera or its 
authorized distributors.  Please refer to the applicable 
agreement for further details.



+-----------------------------------------------------------------------------------+
; Analysis & Synthesis Summary                                                      ;
+---------------------------------+-------------------------------------------------+
; Analysis & Synthesis Status     ; Successful - Sat Oct 29 13:55:19 2016           ;
; Quartus Prime Version           ; 15.1.0 Build 185 10/21/2015 SJ Standard Edition ;
; Revision Name                   ; lab5                                            ;
; Top-level Entity Name           ; top                                             ;
; Family                          ; Cyclone V                                       ;
; Logic utilization (in ALMs)     ; N/A                                             ;
; Total registers                 ; 8                                               ;
; Total pins                      ; 36                                              ;
; Total virtual pins              ; 0                                               ;
; Total block memory bits         ; 0                                               ;
; Total DSP Blocks                ; 0                                               ;
; Total HSSI RX PCSs              ; 0                                               ;
; Total HSSI PMA RX Deserializers ; 0                                               ;
; Total HSSI TX PCSs              ; 0                                               ;
; Total HSSI PMA TX Serializers   ; 0                                               ;
; Total PLLs                      ; 0                                               ;
; Total DLLs                      ; 0                                               ;
+---------------------------------+-------------------------------------------------+


+---------------------------------------------------------------------------------------------------------------------------+
; Analysis & Synthesis Settings                                                                                             ;
+---------------------------------------------------------------------------------+--------------------+--------------------+
; Option                                                                          ; Setting            ; Default Value      ;
+---------------------------------------------------------------------------------+--------------------+--------------------+
; Device                                                                          ; 5CSEMA5F31C6       ;                    ;
; Top-level entity name                                                           ; top                ; lab5               ;
; Family name                                                                     ; Cyclone V          ; Cyclone V          ;
; Use smart compilation                                                           ; Off                ; Off                ;
; Enable parallel Assembler and TimeQuest Timing Analyzer during compilation      ; On                 ; On                 ;
; Enable compact report table                                                     ; Off                ; Off                ;
; Restructure Multiplexers                                                        ; Auto               ; Auto               ;
; MLAB Add Timing Constraints For Mixed-Port Feed-Through Mode Setting Don't Care ; Off                ; Off                ;
; Create Debugging Nodes for IP Cores                                             ; Off                ; Off                ;
; Preserve fewer node names                                                       ; On                 ; On                 ;
; Disable OpenCore Plus hardware evaluation                                       ; Off                ; Off                ;
; Verilog Version                                                                 ; Verilog_2001       ; Verilog_2001       ;
; VHDL Version                                                                    ; VHDL_1993          ; VHDL_1993          ;
; State Machine Processing                                                        ; Auto               ; Auto               ;
; Safe State Machine                                                              ; Off                ; Off                ;
; Extract Verilog State Machines                                                  ; On                 ; On                 ;
; Extract VHDL State Machines                                                     ; On                 ; On                 ;
; Ignore Verilog initial constructs                                               ; Off                ; Off                ;
; Iteration limit for constant Verilog loops                                      ; 5000               ; 5000               ;
; Iteration limit for non-constant Verilog loops                                  ; 250                ; 250                ;
; Add Pass-Through Logic to Inferred RAMs                                         ; On                 ; On                 ;
; Infer RAMs from Raw Logic                                                       ; On                 ; On                 ;
; Parallel Synthesis                                                              ; On                 ; On                 ;
; DSP Block Balancing                                                             ; Auto               ; Auto               ;
; NOT Gate Push-Back                                                              ; On                 ; On                 ;
; Power-Up Don't Care                                                             ; On                 ; On                 ;
; Remove Redundant Logic Cells                                                    ; Off                ; Off                ;
; Remove Duplicate Registers                                                      ; On                 ; On                 ;
; Ignore CARRY Buffers                                                            ; Off                ; Off                ;
; Ignore CASCADE Buffers                                                          ; Off                ; Off                ;
; Ignore GLOBAL Buffers                                                           ; Off                ; Off                ;
; Ignore ROW GLOBAL Buffers                                                       ; Off                ; Off                ;
; Ignore LCELL Buffers                                                            ; Off                ; Off                ;
; Ignore SOFT Buffers                                                             ; On                 ; On                 ;
; Limit AHDL Integers to 32 Bits                                                  ; Off                ; Off                ;
; Optimization Technique                                                          ; Balanced           ; Balanced           ;
; Carry Chain Length                                                              ; 70                 ; 70                 ;
; Auto Carry Chains                                                               ; On                 ; On                 ;
; Auto Open-Drain Pins                                                            ; On                 ; On                 ;
; Perform WYSIWYG Primitive Resynthesis                                           ; Off                ; Off                ;
; Auto ROM Replacement                                                            ; On                 ; On                 ;
; Auto RAM Replacement                                                            ; On                 ; On                 ;
; Auto DSP Block Replacement                                                      ; On                 ; On                 ;
; Auto Shift Register Replacement                                                 ; Auto               ; Auto               ;
; Allow Shift Register Merging across Hierarchies                                 ; Auto               ; Auto               ;
; Auto Clock Enable Replacement                                                   ; On                 ; On                 ;
; Strict RAM Replacement                                                          ; Off                ; Off                ;
; Allow Synchronous Control Signals                                               ; On                 ; On                 ;
; Force Use of Synchronous Clear Signals                                          ; Off                ; Off                ;
; Auto Resource Sharing                                                           ; Off                ; Off                ;
; Allow Any RAM Size For Recognition                                              ; Off                ; Off                ;
; Allow Any ROM Size For Recognition                                              ; Off                ; Off                ;
; Allow Any Shift Register Size For Recognition                                   ; Off                ; Off                ;
; Use LogicLock Constraints during Resource Balancing                             ; On                 ; On                 ;
; Ignore translate_off and synthesis_off directives                               ; Off                ; Off                ;
; Timing-Driven Synthesis                                                         ; On                 ; On                 ;
; Report Parameter Settings                                                       ; On                 ; On                 ;
; Report Source Assignments                                                       ; On                 ; On                 ;
; Report Connectivity Checks                                                      ; On                 ; On                 ;
; Ignore Maximum Fan-Out Assignments                                              ; Off                ; Off                ;
; Synchronization Register Chain Length                                           ; 3                  ; 3                  ;
; PowerPlay Power Optimization During Synthesis                                   ; Normal compilation ; Normal compilation ;
; HDL message level                                                               ; Level2             ; Level2             ;
; Suppress Register Optimization Related Messages                                 ; Off                ; Off                ;
; Number of Removed Registers Reported in Synthesis Report                        ; 5000               ; 5000               ;
; Number of Swept Nodes Reported in Synthesis Report                              ; 5000               ; 5000               ;
; Number of Inverted Registers Reported in Synthesis Report                       ; 100                ; 100                ;
; Clock MUX Protection                                                            ; On                 ; On                 ;
; Auto Gated Clock Conversion                                                     ; Off                ; Off                ;
; Block Design Naming                                                             ; Auto               ; Auto               ;
; SDC constraint protection                                                       ; Off                ; Off                ;
; Synthesis Effort                                                                ; Auto               ; Auto               ;
; Shift Register Replacement - Allow Asynchronous Clear Signal                    ; On                 ; On                 ;
; Pre-Mapping Resynthesis Optimization                                            ; Off                ; Off                ;
; Analysis & Synthesis Message Level                                              ; Medium             ; Medium             ;
; Disable Register Merging Across Hierarchies                                     ; Auto               ; Auto               ;
; Resource Aware Inference For Block RAM                                          ; On                 ; On                 ;
; Synthesis Seed                                                                  ; 1                  ; 1                  ;
; Automatic Parallel Synthesis                                                    ; On                 ; On                 ;
; Partial Reconfiguration Bitstream ID                                            ; Off                ; Off                ;
+---------------------------------------------------------------------------------+--------------------+--------------------+


+------------------------------------------+
; Parallel Compilation                     ;
+----------------------------+-------------+
; Processors                 ; Number      ;
+----------------------------+-------------+
; Number detected on machine ; 8           ;
; Maximum allowed            ; 4           ;
;                            ;             ;
; Average used               ; 1.00        ;
; Maximum used               ; 4           ;
;                            ;             ;
; Usage by Processor         ; % Time Used ;
;     Processor 1            ; 100.0%      ;
;     Processors 2-4         ; < 0.1%      ;
+----------------------------+-------------+


+---------------------------------------------------------------------------------------------------------------------------------------------------------------------------------------+
; Analysis & Synthesis Source Files Read                                                                                                                                                ;
+----------------------------------------+-----------------+-----------------+------------------------------------------------------------------------------------------------+---------+
; File Name with User-Entered Path       ; Used in Netlist ; File Type       ; File Name with Absolute Path                                                                   ; Library ;
+----------------------------------------+-----------------+-----------------+------------------------------------------------------------------------------------------------+---------+
; ../../src/seven_seg.vhd                ; yes             ; User VHDL File  ; C:/Users/zdw7287/Downloads/Hardware-Description-Language/lab5/src/seven_seg.vhd                ;         ;
; ../../src/synchronizer.vhd             ; yes             ; User VHDL File  ; C:/Users/zdw7287/Downloads/Hardware-Description-Language/lab5/src/synchronizer.vhd             ;         ;
; ../../src/rising_edge_synchronizer.vhd ; yes             ; User VHDL File  ; C:/Users/zdw7287/Downloads/Hardware-Description-Language/lab5/src/rising_edge_synchronizer.vhd ;         ;
; ../../src/top.vhd                      ; yes             ; User VHDL File  ; C:/Users/zdw7287/Downloads/Hardware-Description-Language/lab5/src/top.vhd                      ;         ;
+----------------------------------------+-----------------+-----------------+------------------------------------------------------------------------------------------------+---------+


+-----------------------------------------------------------+
; Analysis & Synthesis Resource Usage Summary               ;
+---------------------------------------------+-------------+
; Resource                                    ; Usage       ;
+---------------------------------------------+-------------+
; Estimate of Logic utilization (ALMs needed) ; 57          ;
;                                             ;             ;
; Combinational ALUT usage for logic          ; 103         ;
;     -- 7 input functions                    ; 0           ;
;     -- 6 input functions                    ; 10          ;
;     -- 5 input functions                    ; 15          ;
;     -- 4 input functions                    ; 30          ;
;     -- <=3 input functions                  ; 48          ;
;                                             ;             ;
; Dedicated logic registers                   ; 8           ;
;                                             ;             ;
; I/O pins                                    ; 36          ;
;                                             ;             ;
; Total DSP Blocks                            ; 0           ;
;                                             ;             ;
; Maximum fan-out node                        ; stateReg[3] ;
; Maximum fan-out                             ; 26          ;
; Total fan-out                               ; 486         ;
; Average fan-out                             ; 2.66        ;
+---------------------------------------------+-------------+


+------------------------------------------------------------------------------------------------------------------------------------------------------------------------------------------+
; Analysis & Synthesis Resource Utilization by Entity                                                                                                                                      ;
+----------------------------------------+-------------------+--------------+-------------------+------------+------+--------------+----------------------------------------+--------------+
; Compilation Hierarchy Node             ; LC Combinationals ; LC Registers ; Block Memory Bits ; DSP Blocks ; Pins ; Virtual Pins ; Full Hierarchy Name                    ; Library Name ;
+----------------------------------------+-------------------+--------------+-------------------+------------+------+--------------+----------------------------------------+--------------+
; |top                                   ; 103 (80)          ; 8 (4)        ; 0                 ; 0          ; 36   ; 0            ; |top                                   ; work         ;
;    |rising_edge_synchronizer:sync_btn| ; 2 (2)             ; 4 (4)        ; 0                 ; 0          ; 0    ; 0            ; |top|rising_edge_synchronizer:sync_btn ; work         ;
;    |seven_seg:convert_to_ssd_a|        ; 7 (7)             ; 0 (0)        ; 0                 ; 0          ; 0    ; 0            ; |top|seven_seg:convert_to_ssd_a        ; work         ;
;    |seven_seg:convert_to_ssd_b|        ; 7 (7)             ; 0 (0)        ; 0                 ; 0          ; 0    ; 0            ; |top|seven_seg:convert_to_ssd_b        ; work         ;
;    |seven_seg:convert_to_ssd_c|        ; 7 (7)             ; 0 (0)        ; 0                 ; 0          ; 0    ; 0            ; |top|seven_seg:convert_to_ssd_c        ; work         ;
+----------------------------------------+-------------------+--------------+-------------------+------------+------+--------------+----------------------------------------+--------------+
Note: For table entries with two numbers listed, the numbers in parentheses indicate the number of resources of the given type used by the specific entity alone. The numbers listed outside of parentheses indicate the total resources of the given type used by the specific entity and all of its sub-entities in the hierarchy.


+----------------------------------------------------------------------------------------------------+
; User-Specified and Inferred Latches                                                                ;
+-----------------------------------------------------+---------------------+------------------------+
; Latch Name                                          ; Latch Enable Signal ; Free of Timing Hazards ;
+-----------------------------------------------------+---------------------+------------------------+
; preDD[8]                                            ; Mux27               ; yes                    ;
; preDD[6]                                            ; Mux27               ; yes                    ;
; preDD[7]                                            ; Mux27               ; yes                    ;
; preDD[5]                                            ; Mux27               ; yes                    ;
; preDD[4]                                            ; Mux27               ; yes                    ;
; preDD[3]                                            ; Mux27               ; yes                    ;
; preDD[2]                                            ; Mux27               ; yes                    ;
; preDD[1]                                            ; Mux27               ; yes                    ;
; preDD[0]                                            ; Mux27               ; yes                    ;
; postOp[8]                                           ; Mux2                ; yes                    ;
; postOp[6]                                           ; Mux2                ; yes                    ;
; postOp[7]                                           ; Mux2                ; yes                    ;
; postOp[5]                                           ; Mux2                ; yes                    ;
; postOp[4]                                           ; Mux2                ; yes                    ;
; postOp[3]                                           ; Mux2                ; yes                    ;
; postOp[2]                                           ; Mux2                ; yes                    ;
; postOp[1]                                           ; Mux2                ; yes                    ;
; postOp[0]                                           ; Mux2                ; yes                    ;
; retain_b[6]                                         ; Mux8                ; yes                    ;
; retain_a[6]                                         ; Mux9                ; yes                    ;
; retain_b[7]                                         ; Mux8                ; yes                    ;
; retain_a[7]                                         ; Mux9                ; yes                    ;
; retain_b[5]                                         ; Mux8                ; yes                    ;
; retain_a[5]                                         ; Mux9                ; yes                    ;
; retain_b[4]                                         ; Mux8                ; yes                    ;
; retain_a[4]                                         ; Mux9                ; yes                    ;
; retain_b[3]                                         ; Mux8                ; yes                    ;
; retain_a[3]                                         ; Mux9                ; yes                    ;
; retain_b[2]                                         ; Mux8                ; yes                    ;
; retain_a[2]                                         ; Mux9                ; yes                    ;
; retain_b[1]                                         ; Mux8                ; yes                    ;
; retain_a[1]                                         ; Mux9                ; yes                    ;
; retain_b[0]                                         ; Mux8                ; yes                    ;
; retain_a[0]                                         ; Mux9                ; yes                    ;
; Number of user-specified and inferred latches = 34  ;                     ;                        ;
+-----------------------------------------------------+---------------------+------------------------+
Note: All latches listed above may not be present at the end of synthesis due to various synthesis optimizations.


+------------------------------------------------------+
; General Register Statistics                          ;
+----------------------------------------------+-------+
; Statistic                                    ; Value ;
+----------------------------------------------+-------+
; Total registers                              ; 8     ;
; Number of registers using Synchronous Clear  ; 0     ;
; Number of registers using Synchronous Load   ; 0     ;
; Number of registers using Asynchronous Clear ; 8     ;
; Number of registers using Asynchronous Load  ; 0     ;
; Number of registers using Clock Enable       ; 0     ;
; Number of registers using Preset             ; 0     ;
+----------------------------------------------+-------+


+-------------------------------------------------------+
; Inverted Register Statistics                          ;
+---------------------------------------------+---------+
; Inverted Register                           ; Fan out ;
+---------------------------------------------+---------+
; stateReg[0]                                 ; 11      ;
; rising_edge_synchronizer:sync_btn|input_zz  ; 2       ;
; rising_edge_synchronizer:sync_btn|input_zzz ; 1       ;
; rising_edge_synchronizer:sync_btn|input_z   ; 1       ;
; Total number of inverted registers = 4      ;         ;
+---------------------------------------------+---------+


+------------------------------------------------------------------------------------------------------------------------------------------+
; Multiplexer Restructuring Statistics (Restructuring Performed)                                                                           ;
+--------------------+-----------+---------------+----------------------+------------------------+------------+----------------------------+
; Multiplexer Inputs ; Bus Width ; Baseline Area ; Area if Restructured ; Saving if Restructured ; Registered ; Example Multiplexer Output ;
+--------------------+-----------+---------------+----------------------+------------------------+------------+----------------------------+
; 1:1                ; 8 bits    ; 0 LEs         ; 0 LEs                ; 0 LEs                  ; No         ; |top|Mux25                 ;
; 1:1                ; 8 bits    ; 0 LEs         ; 0 LEs                ; 0 LEs                  ; No         ; |top|Mux38                 ;
; 4:1                ; 8 bits    ; 16 LEs        ; 8 LEs                ; 8 LEs                  ; No         ; |top|Mux33                 ;
+--------------------+-----------+---------------+----------------------+------------------------+------------+----------------------------+


+-------------------------------------------------------------------------+
; Parameter Settings for User Entity Instance: seven_seg:convert_to_ssd_a ;
+----------------+----------+---------------------------------------------+
; Parameter Name ; Value    ; Type                                        ;
+----------------+----------+---------------------------------------------+
; max_count      ; 25000000 ; Signed Integer                              ;
+----------------+----------+---------------------------------------------+
Note: In order to hide this table in the UI and the text report file, please set the "Show Parameter Settings in Synthesis Report" option in "Analysis and Synthesis Settings -> More Settings" to "Off".


+-------------------------------------------------------------------------+
; Parameter Settings for User Entity Instance: seven_seg:convert_to_ssd_b ;
+----------------+----------+---------------------------------------------+
; Parameter Name ; Value    ; Type                                        ;
+----------------+----------+---------------------------------------------+
; max_count      ; 25000000 ; Signed Integer                              ;
+----------------+----------+---------------------------------------------+
Note: In order to hide this table in the UI and the text report file, please set the "Show Parameter Settings in Synthesis Report" option in "Analysis and Synthesis Settings -> More Settings" to "Off".


+-------------------------------------------------------------------------+
; Parameter Settings for User Entity Instance: seven_seg:convert_to_ssd_c ;
+----------------+----------+---------------------------------------------+
; Parameter Name ; Value    ; Type                                        ;
+----------------+----------+---------------------------------------------+
; max_count      ; 25000000 ; Signed Integer                              ;
+----------------+----------+---------------------------------------------+
Note: In order to hide this table in the UI and the text report file, please set the "Show Parameter Settings in Synthesis Report" option in "Analysis and Synthesis Settings -> More Settings" to "Off".


+--------------------------------------------------------------------------------------------------------------------+
; Port Connectivity Checks: "synchronizer:sync_a"                                                                    ;
+----------+--------+----------+-------------------------------------------------------------------------------------+
; Port     ; Type   ; Severity ; Details                                                                             ;
+----------+--------+----------+-------------------------------------------------------------------------------------+
; sync_out ; Output ; Info     ; Connected to dangling logic. Logic that only feeds a dangling port will be removed. ;
+----------+--------+----------+-------------------------------------------------------------------------------------+


+-----------------------------------------------------+
; Post-Synthesis Netlist Statistics for Top Partition ;
+-----------------------+-----------------------------+
; Type                  ; Count                       ;
+-----------------------+-----------------------------+
; arriav_ff             ; 8                           ;
;     CLR               ; 8                           ;
; arriav_lcell_comb     ; 105                         ;
;     arith             ; 10                          ;
;         1 data inputs ; 2                           ;
;         3 data inputs ; 8                           ;
;     normal            ; 95                          ;
;         1 data inputs ; 3                           ;
;         2 data inputs ; 1                           ;
;         3 data inputs ; 36                          ;
;         4 data inputs ; 30                          ;
;         5 data inputs ; 15                          ;
;         6 data inputs ; 10                          ;
; boundary_port         ; 36                          ;
;                       ;                             ;
; Max LUT depth         ; 5.00                        ;
; Average LUT depth     ; 2.62                        ;
+-----------------------+-----------------------------+


+-------------------------------+
; Elapsed Time Per Partition    ;
+----------------+--------------+
; Partition Name ; Elapsed Time ;
+----------------+--------------+
; Top            ; 00:00:01     ;
+----------------+--------------+


+-------------------------------+
; Analysis & Synthesis Messages ;
+-------------------------------+
Info: *******************************************************************
Info: Running Quartus Prime Analysis & Synthesis
    Info: Version 15.1.0 Build 185 10/21/2015 SJ Standard Edition
    Info: Processing started: Sat Oct 29 13:55:09 2016
Info: Command: quartus_map --read_settings_files=on --write_settings_files=off lab5 -c lab5
Info (20030): Parallel compilation is enabled and will use 4 of the 4 processors detected
Info (12021): Found 2 design units, including 1 entities, in source file /users/zdw7287/downloads/hardware-description-language/lab5/src/seven_seg.vhd
    Info (12022): Found design unit 1: seven_seg-beh File: C:/Users/zdw7287/Downloads/Hardware-Description-Language/lab5/src/seven_seg.vhd Line: 21
    Info (12023): Found entity 1: seven_seg File: C:/Users/zdw7287/Downloads/Hardware-Description-Language/lab5/src/seven_seg.vhd Line: 11
Info (12021): Found 2 design units, including 1 entities, in source file /users/zdw7287/downloads/hardware-description-language/lab5/src/synchronizer.vhd
    Info (12022): Found design unit 1: synchronizer-beh File: C:/Users/zdw7287/Downloads/Hardware-Description-Language/lab5/src/synchronizer.vhd Line: 17
    Info (12023): Found entity 1: synchronizer File: C:/Users/zdw7287/Downloads/Hardware-Description-Language/lab5/src/synchronizer.vhd Line: 8
Info (12021): Found 2 design units, including 1 entities, in source file /users/zdw7287/downloads/hardware-description-language/lab5/src/rising_edge_synchronizer.vhd
    Info (12022): Found design unit 1: rising_edge_synchronizer-beh File: C:/Users/zdw7287/Downloads/Hardware-Description-Language/lab5/src/rising_edge_synchronizer.vhd Line: 17
    Info (12023): Found entity 1: rising_edge_synchronizer File: C:/Users/zdw7287/Downloads/Hardware-Description-Language/lab5/src/rising_edge_synchronizer.vhd Line: 8
Info (12021): Found 2 design units, including 1 entities, in source file /users/zdw7287/downloads/hardware-description-language/lab5/src/top.vhd
    Info (12022): Found design unit 1: top-beh File: C:/Users/zdw7287/Downloads/Hardware-Description-Language/lab5/src/top.vhd Line: 22
    Info (12023): Found entity 1: top File: C:/Users/zdw7287/Downloads/Hardware-Description-Language/lab5/src/top.vhd Line: 9
Info (12127): Elaborating entity "top" for the top level hierarchy
Warning (10036): Verilog HDL or VHDL warning at top.vhd(61): object "synced_sw" assigned a value but never read File: C:/Users/zdw7287/Downloads/Hardware-Description-Language/lab5/src/top.vhd Line: 61
Warning (10492): VHDL Process Statement warning at top.vhd(185): signal "sw_in" is read inside the Process Statement but isn't in the Process Statement's sensitivity list File: C:/Users/zdw7287/Downloads/Hardware-Description-Language/lab5/src/top.vhd Line: 185
Warning (10492): VHDL Process Statement warning at top.vhd(186): signal "sw_in" is read inside the Process Statement but isn't in the Process Statement's sensitivity list File: C:/Users/zdw7287/Downloads/Hardware-Description-Language/lab5/src/top.vhd Line: 186
Warning (10492): VHDL Process Statement warning at top.vhd(195): signal "sw_in" is read inside the Process Statement but isn't in the Process Statement's sensitivity list File: C:/Users/zdw7287/Downloads/Hardware-Description-Language/lab5/src/top.vhd Line: 195
Warning (10492): VHDL Process Statement warning at top.vhd(196): signal "sw_in" is read inside the Process Statement but isn't in the Process Statement's sensitivity list File: C:/Users/zdw7287/Downloads/Hardware-Description-Language/lab5/src/top.vhd Line: 196
Warning (10492): VHDL Process Statement warning at top.vhd(205): signal "retain_a" is read inside the Process Statement but isn't in the Process Statement's sensitivity list File: C:/Users/zdw7287/Downloads/Hardware-Description-Language/lab5/src/top.vhd Line: 205
Warning (10492): VHDL Process Statement warning at top.vhd(205): signal "retain_b" is read inside the Process Statement but isn't in the Process Statement's sensitivity list File: C:/Users/zdw7287/Downloads/Hardware-Description-Language/lab5/src/top.vhd Line: 205
Warning (10492): VHDL Process Statement warning at top.vhd(206): signal "postOp" is read inside the Process Statement but isn't in the Process Statement's sensitivity list File: C:/Users/zdw7287/Downloads/Hardware-Description-Language/lab5/src/top.vhd Line: 206
Warning (10492): VHDL Process Statement warning at top.vhd(215): signal "retain_a" is read inside the Process Statement but isn't in the Process Statement's sensitivity list File: C:/Users/zdw7287/Downloads/Hardware-Description-Language/lab5/src/top.vhd Line: 215
Warning (10492): VHDL Process Statement warning at top.vhd(215): signal "retain_b" is read inside the Process Statement but isn't in the Process Statement's sensitivity list File: C:/Users/zdw7287/Downloads/Hardware-Description-Language/lab5/src/top.vhd Line: 215
Warning (10492): VHDL Process Statement warning at top.vhd(216): signal "postOp" is read inside the Process Statement but isn't in the Process Statement's sensitivity list File: C:/Users/zdw7287/Downloads/Hardware-Description-Language/lab5/src/top.vhd Line: 216
Warning (10631): VHDL Process Statement warning at top.vhd(179): inferring latch(es) for signal or variable "retain_a", which holds its previous value in one or more paths through the process File: C:/Users/zdw7287/Downloads/Hardware-Description-Language/lab5/src/top.vhd Line: 179
Warning (10631): VHDL Process Statement warning at top.vhd(179): inferring latch(es) for signal or variable "preDD", which holds its previous value in one or more paths through the process File: C:/Users/zdw7287/Downloads/Hardware-Description-Language/lab5/src/top.vhd Line: 179
Warning (10631): VHDL Process Statement warning at top.vhd(179): inferring latch(es) for signal or variable "retain_b", which holds its previous value in one or more paths through the process File: C:/Users/zdw7287/Downloads/Hardware-Description-Language/lab5/src/top.vhd Line: 179
Warning (10631): VHDL Process Statement warning at top.vhd(179): inferring latch(es) for signal or variable "postOp", which holds its previous value in one or more paths through the process File: C:/Users/zdw7287/Downloads/Hardware-Description-Language/lab5/src/top.vhd Line: 179
Info (10041): Inferred latch for "postOp[0]" at top.vhd(179) File: C:/Users/zdw7287/Downloads/Hardware-Description-Language/lab5/src/top.vhd Line: 179
Info (10041): Inferred latch for "postOp[1]" at top.vhd(179) File: C:/Users/zdw7287/Downloads/Hardware-Description-Language/lab5/src/top.vhd Line: 179
Info (10041): Inferred latch for "postOp[2]" at top.vhd(179) File: C:/Users/zdw7287/Downloads/Hardware-Description-Language/lab5/src/top.vhd Line: 179
Info (10041): Inferred latch for "postOp[3]" at top.vhd(179) File: C:/Users/zdw7287/Downloads/Hardware-Description-Language/lab5/src/top.vhd Line: 179
Info (10041): Inferred latch for "postOp[4]" at top.vhd(179) File: C:/Users/zdw7287/Downloads/Hardware-Description-Language/lab5/src/top.vhd Line: 179
Info (10041): Inferred latch for "postOp[5]" at top.vhd(179) File: C:/Users/zdw7287/Downloads/Hardware-Description-Language/lab5/src/top.vhd Line: 179
Info (10041): Inferred latch for "postOp[6]" at top.vhd(179) File: C:/Users/zdw7287/Downloads/Hardware-Description-Language/lab5/src/top.vhd Line: 179
Info (10041): Inferred latch for "postOp[7]" at top.vhd(179) File: C:/Users/zdw7287/Downloads/Hardware-Description-Language/lab5/src/top.vhd Line: 179
Info (10041): Inferred latch for "postOp[8]" at top.vhd(179) File: C:/Users/zdw7287/Downloads/Hardware-Description-Language/lab5/src/top.vhd Line: 179
Info (10041): Inferred latch for "retain_b[0]" at top.vhd(179) File: C:/Users/zdw7287/Downloads/Hardware-Description-Language/lab5/src/top.vhd Line: 179
Info (10041): Inferred latch for "retain_b[1]" at top.vhd(179) File: C:/Users/zdw7287/Downloads/Hardware-Description-Language/lab5/src/top.vhd Line: 179
Info (10041): Inferred latch for "retain_b[2]" at top.vhd(179) File: C:/Users/zdw7287/Downloads/Hardware-Description-Language/lab5/src/top.vhd Line: 179
Info (10041): Inferred latch for "retain_b[3]" at top.vhd(179) File: C:/Users/zdw7287/Downloads/Hardware-Description-Language/lab5/src/top.vhd Line: 179
Info (10041): Inferred latch for "retain_b[4]" at top.vhd(179) File: C:/Users/zdw7287/Downloads/Hardware-Description-Language/lab5/src/top.vhd Line: 179
Info (10041): Inferred latch for "retain_b[5]" at top.vhd(179) File: C:/Users/zdw7287/Downloads/Hardware-Description-Language/lab5/src/top.vhd Line: 179
Info (10041): Inferred latch for "retain_b[6]" at top.vhd(179) File: C:/Users/zdw7287/Downloads/Hardware-Description-Language/lab5/src/top.vhd Line: 179
Info (10041): Inferred latch for "retain_b[7]" at top.vhd(179) File: C:/Users/zdw7287/Downloads/Hardware-Description-Language/lab5/src/top.vhd Line: 179
Info (10041): Inferred latch for "preDD[0]" at top.vhd(179) File: C:/Users/zdw7287/Downloads/Hardware-Description-Language/lab5/src/top.vhd Line: 179
Info (10041): Inferred latch for "preDD[1]" at top.vhd(179) File: C:/Users/zdw7287/Downloads/Hardware-Description-Language/lab5/src/top.vhd Line: 179
Info (10041): Inferred latch for "preDD[2]" at top.vhd(179) File: C:/Users/zdw7287/Downloads/Hardware-Description-Language/lab5/src/top.vhd Line: 179
Info (10041): Inferred latch for "preDD[3]" at top.vhd(179) File: C:/Users/zdw7287/Downloads/Hardware-Description-Language/lab5/src/top.vhd Line: 179
Info (10041): Inferred latch for "preDD[4]" at top.vhd(179) File: C:/Users/zdw7287/Downloads/Hardware-Description-Language/lab5/src/top.vhd Line: 179
Info (10041): Inferred latch for "preDD[5]" at top.vhd(179) File: C:/Users/zdw7287/Downloads/Hardware-Description-Language/lab5/src/top.vhd Line: 179
Info (10041): Inferred latch for "preDD[6]" at top.vhd(179) File: C:/Users/zdw7287/Downloads/Hardware-Description-Language/lab5/src/top.vhd Line: 179
Info (10041): Inferred latch for "preDD[7]" at top.vhd(179) File: C:/Users/zdw7287/Downloads/Hardware-Description-Language/lab5/src/top.vhd Line: 179
Info (10041): Inferred latch for "preDD[8]" at top.vhd(179) File: C:/Users/zdw7287/Downloads/Hardware-Description-Language/lab5/src/top.vhd Line: 179
Info (10041): Inferred latch for "preDD[9]" at top.vhd(179) File: C:/Users/zdw7287/Downloads/Hardware-Description-Language/lab5/src/top.vhd Line: 179
Info (10041): Inferred latch for "preDD[10]" at top.vhd(179) File: C:/Users/zdw7287/Downloads/Hardware-Description-Language/lab5/src/top.vhd Line: 179
Info (10041): Inferred latch for "preDD[11]" at top.vhd(179) File: C:/Users/zdw7287/Downloads/Hardware-Description-Language/lab5/src/top.vhd Line: 179
Info (10041): Inferred latch for "retain_a[0]" at top.vhd(179) File: C:/Users/zdw7287/Downloads/Hardware-Description-Language/lab5/src/top.vhd Line: 179
Info (10041): Inferred latch for "retain_a[1]" at top.vhd(179) File: C:/Users/zdw7287/Downloads/Hardware-Description-Language/lab5/src/top.vhd Line: 179
Info (10041): Inferred latch for "retain_a[2]" at top.vhd(179) File: C:/Users/zdw7287/Downloads/Hardware-Description-Language/lab5/src/top.vhd Line: 179
Info (10041): Inferred latch for "retain_a[3]" at top.vhd(179) File: C:/Users/zdw7287/Downloads/Hardware-Description-Language/lab5/src/top.vhd Line: 179
Info (10041): Inferred latch for "retain_a[4]" at top.vhd(179) File: C:/Users/zdw7287/Downloads/Hardware-Description-Language/lab5/src/top.vhd Line: 179
Info (10041): Inferred latch for "retain_a[5]" at top.vhd(179) File: C:/Users/zdw7287/Downloads/Hardware-Description-Language/lab5/src/top.vhd Line: 179
Info (10041): Inferred latch for "retain_a[6]" at top.vhd(179) File: C:/Users/zdw7287/Downloads/Hardware-Description-Language/lab5/src/top.vhd Line: 179
Info (10041): Inferred latch for "retain_a[7]" at top.vhd(179) File: C:/Users/zdw7287/Downloads/Hardware-Description-Language/lab5/src/top.vhd Line: 179
Info (12128): Elaborating entity "synchronizer" for hierarchy "synchronizer:sync_a" File: C:/Users/zdw7287/Downloads/Hardware-Description-Language/lab5/src/top.vhd Line: 76
Info (12128): Elaborating entity "rising_edge_synchronizer" for hierarchy "rising_edge_synchronizer:sync_btn" File: C:/Users/zdw7287/Downloads/Hardware-Description-Language/lab5/src/top.vhd Line: 84
Info (12128): Elaborating entity "seven_seg" for hierarchy "seven_seg:convert_to_ssd_a" File: C:/Users/zdw7287/Downloads/Hardware-Description-Language/lab5/src/top.vhd Line: 93
Warning (13012): Latch preDD[8] has unsafe behavior File: C:/Users/zdw7287/Downloads/Hardware-Description-Language/lab5/src/top.vhd Line: 179
    Warning (13013): Ports D and ENA on the latch are fed by the same signal stateReg[1] File: C:/Users/zdw7287/Downloads/Hardware-Description-Language/lab5/src/top.vhd Line: 172
Warning (13012): Latch preDD[6] has unsafe behavior File: C:/Users/zdw7287/Downloads/Hardware-Description-Language/lab5/src/top.vhd Line: 179
    Warning (13013): Ports D and ENA on the latch are fed by the same signal stateReg[3] File: C:/Users/zdw7287/Downloads/Hardware-Description-Language/lab5/src/top.vhd Line: 172
Warning (13012): Latch preDD[7] has unsafe behavior File: C:/Users/zdw7287/Downloads/Hardware-Description-Language/lab5/src/top.vhd Line: 179
    Warning (13013): Ports D and ENA on the latch are fed by the same signal stateReg[3] File: C:/Users/zdw7287/Downloads/Hardware-Description-Language/lab5/src/top.vhd Line: 172
Warning (13012): Latch preDD[5] has unsafe behavior File: C:/Users/zdw7287/Downloads/Hardware-Description-Language/lab5/src/top.vhd Line: 179
    Warning (13013): Ports D and ENA on the latch are fed by the same signal stateReg[3] File: C:/Users/zdw7287/Downloads/Hardware-Description-Language/lab5/src/top.vhd Line: 172
Warning (13012): Latch preDD[4] has unsafe behavior File: C:/Users/zdw7287/Downloads/Hardware-Description-Language/lab5/src/top.vhd Line: 179
    Warning (13013): Ports D and ENA on the latch are fed by the same signal stateReg[3] File: C:/Users/zdw7287/Downloads/Hardware-Description-Language/lab5/src/top.vhd Line: 172
Warning (13012): Latch preDD[3] has unsafe behavior File: C:/Users/zdw7287/Downloads/Hardware-Description-Language/lab5/src/top.vhd Line: 179
    Warning (13013): Ports D and ENA on the latch are fed by the same signal stateReg[3] File: C:/Users/zdw7287/Downloads/Hardware-Description-Language/lab5/src/top.vhd Line: 172
Warning (13012): Latch preDD[2] has unsafe behavior File: C:/Users/zdw7287/Downloads/Hardware-Description-Language/lab5/src/top.vhd Line: 179
    Warning (13013): Ports D and ENA on the latch are fed by the same signal stateReg[3] File: C:/Users/zdw7287/Downloads/Hardware-Description-Language/lab5/src/top.vhd Line: 172
Warning (13012): Latch preDD[1] has unsafe behavior File: C:/Users/zdw7287/Downloads/Hardware-Description-Language/lab5/src/top.vhd Line: 179
    Warning (13013): Ports D and ENA on the latch are fed by the same signal stateReg[3] File: C:/Users/zdw7287/Downloads/Hardware-Description-Language/lab5/src/top.vhd Line: 172
Warning (13012): Latch preDD[0] has unsafe behavior File: C:/Users/zdw7287/Downloads/Hardware-Description-Language/lab5/src/top.vhd Line: 179
    Warning (13013): Ports D and ENA on the latch are fed by the same signal stateReg[3] File: C:/Users/zdw7287/Downloads/Hardware-Description-Language/lab5/src/top.vhd Line: 172
Info (286030): Timing-Driven Synthesis is running
Info (16010): Generating hard_block partition "hard_block:auto_generated_inst"
    Info (16011): Adding 0 node(s), including 0 DDIO, 0 PLL, 0 transceiver and 0 LCELL
Info (21057): Implemented 141 device resources after synthesis - the final resource count might be different
    Info (21058): Implemented 11 input pins
    Info (21059): Implemented 25 output pins
    Info (21061): Implemented 105 logic cells
Info: Quartus Prime Analysis & Synthesis was successful. 0 errors, 33 warnings
    Info: Peak virtual memory: 874 megabytes
    Info: Processing ended: Sat Oct 29 13:55:19 2016
    Info: Elapsed time: 00:00:10
    Info: Total CPU time (on all processors): 00:00:21


